1529151278015:help
1529151285042:list-servers
1529151289472:exit
1529222206004:listservers
1529222209009:help
1529222213968:list-servers
1529222364528:list-servers --role kaffe --role milch
1529222375094:exit
1529222671831:list-servers
1529222702410:stacktrace
1529222721579:exit
1529222806263:list-servers
1529222819651:add-server sedcadsi0010
1529222825406:list-servers
1529222937562:exit
1529226119996:add-server sedcadsi0290 --roles all,webapp,single
1529226168726:list-servers
1529226284331:exit
1529226315458:list-servers
1529227554578:exit
1529227681458:huchle
1529227687708:stacktrace
1529227694866:exit
1529227761230:list-servers
1529227770405:script testscript
1529227834971:exit
